# JRE version: OpenJDK Runtime Environment (11.0.10) (build 11.0.10+0-b96-7249189)
# Java VM: OpenJDK 64-Bit Server VM (11.0.10+0-b96-7249189, mixed mode, tiered, compressed oops, g1 gc, windows-amd64)
Heap:
 garbage-first heap   total 374784K, used 93118K [0x00000000a0000000, 0x0000000100000000)
  region size 1024K, 2 young (2048K), 2 survivors (2048K)
 Metaspace       used 102758K, capacity 105076K, committed 105344K, reserved 1140736K
  class space    used 12730K, capacity 13548K, committed 13696K, reserved 1048576K
GC Heap History (20 events):
Event: 4182.872 GC heap after
{Heap after GC invocations=87 (full 0):
 garbage-first heap   total 165888K, used 82509K [0x00000000a0000000, 0x0000000100000000)
  region size 1024K, 2 young (2048K), 2 survivors (2048K)
 Metaspace       used 96290K, capacity 98300K, committed 99328K, reserved 1136640K
  class space    used 11965K, capacity 12708K, committed 13056K, reserved 1048576K
}
Event: 4183.327 GC heap before
{Heap before GC invocations=87 (full 0):
 garbage-first heap   total 165888K, used 87629K [0x00000000a0000000, 0x0000000100000000)
  region size 1024K, 8 young (8192K), 2 survivors (2048K)
 Metaspace       used 96333K, capacity 98302K, committed 99328K, reserved 1136640K
  class space    used 11965K, capacity 12708K, committed 13056K, reserved 1048576K
}
Event: 4183.387 GC heap after
{Heap after GC invocations=88 (full 0):
 garbage-first heap   total 165888K, used 82036K [0x00000000a0000000, 0x0000000100000000)
  region size 1024K, 1 young (1024K), 1 survivors (1024K)
 Metaspace       used 96333K, capacity 98302K, committed 99328K, reserved 1136640K
  class space    used 11965K, capacity 12708K, committed 13056K, reserved 1048576K
}
Event: 4183.926 GC heap before
{Heap before GC invocations=88 (full 0):
 garbage-first heap   total 165888K, used 89204K [0x00000000a0000000, 0x0000000100000000)
  region size 1024K, 8 young (8192K), 1 survivors (1024K)
 Metaspace       used 96485K, capacity 98431K, committed 99328K, reserved 1136640K
  class space    used 11965K, capacity 12708K, committed 13056K, reserved 1048576K
}
Event: 4183.951 GC heap after
{Heap after GC invocations=89 (full 0):
 garbage-first heap   total 165888K, used 82364K [0x00000000a0000000, 0x0000000100000000)
  region size 1024K, 1 young (1024K), 1 survivors (1024K)
 Metaspace       used 96485K, capacity 98431K, committed 99328K, reserved 1136640K
  class space    used 11965K, capacity 12708K, committed 13056K, reserved 1048576K
}
Event: 4184.858 GC heap before
{Heap before GC invocations=90 (full 0):
 garbage-first heap   total 165888K, used 91580K [0x00000000a0000000, 0x0000000100000000)
  region size 1024K, 10 young (10240K), 1 survivors (1024K)
 Metaspace       used 96754K, capacity 98846K, committed 99584K, reserved 1136640K
  class space    used 11984K, capacity 12754K, committed 13056K, reserved 1048576K
}
Event: 4184.864 GC heap after
{Heap after GC invocations=91 (full 0):
 garbage-first heap   total 165888K, used 82809K [0x00000000a0000000, 0x0000000100000000)
  region size 1024K, 2 young (2048K), 2 survivors (2048K)
 Metaspace       used 96754K, capacity 98846K, committed 99584K, reserved 1136640K
  class space    used 11984K, capacity 12754K, committed 13056K, reserved 1048576K
}
Event: 4184.945 GC heap before
{Heap before GC invocations=91 (full 0):
 garbage-first heap   total 165888K, used 88953K [0x00000000a0000000, 0x0000000100000000)
  region size 1024K, 8 young (8192K), 2 survivors (2048K)
 Metaspace       used 96789K, capacity 98870K, committed 99584K, reserved 1136640K
  class space    used 11989K, capacity 12761K, committed 13056K, reserved 1048576K
}
Event: 4184.972 GC heap after
{Heap after GC invocations=92 (full 0):
 garbage-first heap   total 165888K, used 83132K [0x00000000a0000000, 0x0000000100000000)
  region size 1024K, 1 young (1024K), 1 survivors (1024K)
 Metaspace       used 96789K, capacity 98870K, committed 99584K, reserved 1136640K
  class space    used 11989K, capacity 12761K, committed 13056K, reserved 1048576K
}
Event: 4184.999 GC heap before
{Heap before GC invocations=92 (full 0):
 garbage-first heap   total 165888K, used 92348K [0x00000000a0000000, 0x0000000100000000)
  region size 1024K, 10 young (10240K), 1 survivors (1024K)
 Metaspace       used 96800K, capacity 98940K, committed 99584K, reserved 1136640K
  class space    used 11991K, capacity 12763K, committed 13056K, reserved 1048576K
}
Event: 4185.006 GC heap after
{Heap after GC invocations=93 (full 0):
 garbage-first heap   total 165888K, used 83481K [0x00000000a0000000, 0x0000000100000000)
  region size 1024K, 2 young (2048K), 2 survivors (2048K)
 Metaspace       used 96800K, capacity 98940K, committed 99584K, reserved 1136640K
  class space    used 11991K, capacity 12763K, committed 13056K, reserved 1048576K
}
Event: 4187.659 GC heap before
{Heap before GC invocations=94 (full 0):
 garbage-first heap   total 165888K, used 112153K [0x00000000a0000000, 0x0000000100000000)
  region size 1024K, 30 young (30720K), 2 survivors (2048K)
 Metaspace       used 97045K, capacity 99179K, committed 99840K, reserved 1136640K
  class space    used 12005K, capacity 12792K, committed 13056K, reserved 1048576K
}
Event: 4187.770 GC heap after
{Heap after GC invocations=95 (full 0):
 garbage-first heap   total 165888K, used 86242K [0x00000000a0000000, 0x0000000100000000)
  region size 1024K, 4 young (4096K), 4 survivors (4096K)
 Metaspace       used 97045K, capacity 99179K, committed 99840K, reserved 1136640K
  class space    used 12005K, capacity 12792K, committed 13056K, reserved 1048576K
}
Event: 4188.241 GC heap before
{Heap before GC invocations=95 (full 0):
 garbage-first heap   total 165888K, used 97506K [0x00000000a0000000, 0x0000000100000000)
  region size 1024K, 15 young (15360K), 4 survivors (4096K)
 Metaspace       used 97086K, capacity 99191K, committed 99840K, reserved 1136640K
  class space    used 12007K, capacity 12795K, committed 13056K, reserved 1048576K
}
Event: 4188.466 GC heap after
{Heap after GC invocations=96 (full 0):
 garbage-first heap   total 165888K, used 87046K [0x00000000a0000000, 0x0000000100000000)
  region size 1024K, 1 young (1024K), 1 survivors (1024K)
 Metaspace       used 97086K, capacity 99191K, committed 99840K, reserved 1136640K
  class space    used 12007K, capacity 12795K, committed 13056K, reserved 1048576K
}
Event: 4188.992 GC heap before
{Heap before GC invocations=96 (full 0):
 garbage-first heap   total 165888K, used 116742K [0x00000000a0000000, 0x0000000100000000)
  region size 1024K, 30 young (30720K), 1 survivors (1024K)
 Metaspace       used 97127K, capacity 99395K, committed 99840K, reserved 1136640K
  class space    used 12006K, capacity 12793K, committed 13056K, reserved 1048576K
}
Event: 4189.001 GC heap after
{Heap after GC invocations=97 (full 0):
 garbage-first heap   total 165888K, used 88705K [0x00000000a0000000, 0x0000000100000000)
  region size 1024K, 3 young (3072K), 3 survivors (3072K)
 Metaspace       used 97127K, capacity 99395K, committed 99840K, reserved 1136640K
  class space    used 12006K, capacity 12793K, committed 13056K, reserved 1048576K
}
Event: 4191.033 GC heap before
{Heap before GC invocations=98 (full 0):
 garbage-first heap   total 165888K, used 120449K [0x00000000a0000000, 0x0000000100000000)
  region size 1024K, 34 young (34816K), 3 survivors (3072K)
 Metaspace       used 99546K, capacity 101757K, committed 102144K, reserved 1138688K
  class space    used 12324K, capacity 13104K, committed 13312K, reserved 1048576K
}
Event: 4191.284 GC heap after
{Heap after GC invocations=99 (full 0):
 garbage-first heap   total 165888K, used 91810K [0x00000000a0000000, 0x0000000100000000)
  region size 1024K, 5 young (5120K), 5 survivors (5120K)
 Metaspace       used 99546K, capacity 101757K, committed 102144K, reserved 1138688K
  class space    used 12324K, capacity 13104K, committed 13312K, reserved 1048576K
}
Event: 4192.289 GC heap before
{Heap before GC invocations=99 (full 0):
 garbage-first heap   total 165888K, used 101026K [0x00000000a0000000, 0x0000000100000000)
  region size 1024K, 15 young (15360K), 5 survivors (5120K)
 Metaspace       used 102758K, capacity 105076K, committed 105344K, reserved 1140736K
  class space    used 12730K, capacity 13548K, committed 13696K, reserved 1048576K
}

